Analysis & Elaboration report for MyProject
Fri Aug 27 18:53:54 2021
Quartus II 64-Bit Version 13.1.0 Build 162 10/23/2013 SJ Full Version


---------------------
; Table of Contents ;
---------------------
  1. Legal Notice
  2. Analysis & Elaboration Summary
  3. Parallel Compilation
  4. Parameter Settings for User Entity Instance: mips:mips|datapath:dp|flopr:pcreg
  5. Parameter Settings for User Entity Instance: mips:mips|datapath:dp|mux2:pcbrmux
  6. Parameter Settings for User Entity Instance: mips:mips|datapath:dp|mux2:pcmux
  7. Parameter Settings for User Entity Instance: mips:mips|datapath:dp|mux2:wrmux
  8. Parameter Settings for User Entity Instance: mips:mips|datapath:dp|mux2:resmux
  9. Parameter Settings for User Entity Instance: mips:mips|datapath:dp|mux2:srcbmux
 10. Analysis & Elaboration Settings
 11. Port Connectivity Checks: "mips:mips|datapath:dp|mux2:srcbmux"
 12. Port Connectivity Checks: "mips:mips|datapath:dp|mux2:resmux"
 13. Port Connectivity Checks: "mips:mips|datapath:dp|mux2:wrmux"
 14. Port Connectivity Checks: "mips:mips|datapath:dp|mux2:pcmux"
 15. Port Connectivity Checks: "mips:mips|datapath:dp|mux2:pcbrmux"
 16. Port Connectivity Checks: "mips:mips|datapath:dp|addernew:pcadd1"
 17. Port Connectivity Checks: "mips:mips"
 18. Analysis & Elaboration Messages



----------------
; Legal Notice ;
----------------
Copyright (C) 1991-2013 Altera Corporation
Your use of Altera Corporation's design tools, logic functions 
and other software and tools, and its AMPP partner logic 
functions, and any output files from any of the foregoing 
(including device programming or simulation files), and any 
associated documentation or information are expressly subject 
to the terms and conditions of the Altera Program License 
Subscription Agreement, Altera MegaCore Function License 
Agreement, or other applicable license agreement, including, 
without limitation, that your use is for the sole purpose of 
programming logic devices manufactured by Altera and sold by 
Altera or its authorized distributors.  Please refer to the 
applicable agreement for further details.



+----------------------------------------------------------------------------------+
; Analysis & Elaboration Summary                                                   ;
+------------------------------------+---------------------------------------------+
; Analysis & Elaboration Status      ; Successful - Fri Aug 27 18:53:54 2021       ;
; Quartus II 64-Bit Version          ; 13.1.0 Build 162 10/23/2013 SJ Full Version ;
; Revision Name                      ; MyProject                                   ;
; Top-level Entity Name              ; top                                         ;
; Family                             ; Cyclone III                                 ;
; Total logic elements               ; N/A until Partition Merge                   ;
;     Total combinational functions  ; N/A until Partition Merge                   ;
;     Dedicated logic registers      ; N/A until Partition Merge                   ;
; Total registers                    ; N/A until Partition Merge                   ;
; Total pins                         ; N/A until Partition Merge                   ;
; Total virtual pins                 ; N/A until Partition Merge                   ;
; Total memory bits                  ; N/A until Partition Merge                   ;
; Embedded Multiplier 9-bit elements ; N/A until Partition Merge                   ;
; Total PLLs                         ; N/A until Partition Merge                   ;
+------------------------------------+---------------------------------------------+


+------------------------------------------+
; Parallel Compilation                     ;
+----------------------------+-------------+
; Processors                 ; Number      ;
+----------------------------+-------------+
; Number detected on machine ; 8           ;
; Maximum allowed            ; 4           ;
;                            ;             ;
; Average used               ; 1.00        ;
; Maximum used               ; 1           ;
;                            ;             ;
; Usage by Processor         ; % Time Used ;
;     Processor 1            ; 100.0%      ;
;     Processors 2-8         ;   0.0%      ;
+----------------------------+-------------+


+--------------------------------------------------------------------------------+
; Parameter Settings for User Entity Instance: mips:mips|datapath:dp|flopr:pcreg ;
+----------------+-------+-------------------------------------------------------+
; Parameter Name ; Value ; Type                                                  ;
+----------------+-------+-------------------------------------------------------+
; WIDTH          ; 32    ; Signed Integer                                        ;
+----------------+-------+-------------------------------------------------------+
Note: In order to hide this table in the UI and the text report file, please set the "Show Parameter Settings in Synthesis Report" option in "Analysis and Synthesis Settings -> More Settings" to "Off".


+---------------------------------------------------------------------------------+
; Parameter Settings for User Entity Instance: mips:mips|datapath:dp|mux2:pcbrmux ;
+----------------+-------+--------------------------------------------------------+
; Parameter Name ; Value ; Type                                                   ;
+----------------+-------+--------------------------------------------------------+
; WIDTH          ; 32    ; Signed Integer                                         ;
+----------------+-------+--------------------------------------------------------+
Note: In order to hide this table in the UI and the text report file, please set the "Show Parameter Settings in Synthesis Report" option in "Analysis and Synthesis Settings -> More Settings" to "Off".


+-------------------------------------------------------------------------------+
; Parameter Settings for User Entity Instance: mips:mips|datapath:dp|mux2:pcmux ;
+----------------+-------+------------------------------------------------------+
; Parameter Name ; Value ; Type                                                 ;
+----------------+-------+------------------------------------------------------+
; WIDTH          ; 32    ; Signed Integer                                       ;
+----------------+-------+------------------------------------------------------+
Note: In order to hide this table in the UI and the text report file, please set the "Show Parameter Settings in Synthesis Report" option in "Analysis and Synthesis Settings -> More Settings" to "Off".


+-------------------------------------------------------------------------------+
; Parameter Settings for User Entity Instance: mips:mips|datapath:dp|mux2:wrmux ;
+----------------+-------+------------------------------------------------------+
; Parameter Name ; Value ; Type                                                 ;
+----------------+-------+------------------------------------------------------+
; WIDTH          ; 5     ; Signed Integer                                       ;
+----------------+-------+------------------------------------------------------+
Note: In order to hide this table in the UI and the text report file, please set the "Show Parameter Settings in Synthesis Report" option in "Analysis and Synthesis Settings -> More Settings" to "Off".


+--------------------------------------------------------------------------------+
; Parameter Settings for User Entity Instance: mips:mips|datapath:dp|mux2:resmux ;
+----------------+-------+-------------------------------------------------------+
; Parameter Name ; Value ; Type                                                  ;
+----------------+-------+-------------------------------------------------------+
; WIDTH          ; 32    ; Signed Integer                                        ;
+----------------+-------+-------------------------------------------------------+
Note: In order to hide this table in the UI and the text report file, please set the "Show Parameter Settings in Synthesis Report" option in "Analysis and Synthesis Settings -> More Settings" to "Off".


+---------------------------------------------------------------------------------+
; Parameter Settings for User Entity Instance: mips:mips|datapath:dp|mux2:srcbmux ;
+----------------+-------+--------------------------------------------------------+
; Parameter Name ; Value ; Type                                                   ;
+----------------+-------+--------------------------------------------------------+
; WIDTH          ; 32    ; Signed Integer                                         ;
+----------------+-------+--------------------------------------------------------+
Note: In order to hide this table in the UI and the text report file, please set the "Show Parameter Settings in Synthesis Report" option in "Analysis and Synthesis Settings -> More Settings" to "Off".


+----------------------------------------------------------------------------------------------------------------------+
; Analysis & Elaboration Settings                                                                                      ;
+----------------------------------------------------------------------------+--------------------+--------------------+
; Option                                                                     ; Setting            ; Default Value      ;
+----------------------------------------------------------------------------+--------------------+--------------------+
; Device                                                                     ; EP3C40U484I7       ;                    ;
; Top-level entity name                                                      ; top                ; MyProject          ;
; Family name                                                                ; Cyclone III        ; Cyclone IV GX      ;
; Use smart compilation                                                      ; Off                ; Off                ;
; Enable parallel Assembler and TimeQuest Timing Analyzer during compilation ; On                 ; On                 ;
; Enable compact report table                                                ; Off                ; Off                ;
; Restructure Multiplexers                                                   ; Auto               ; Auto               ;
; Create Debugging Nodes for IP Cores                                        ; Off                ; Off                ;
; Preserve fewer node names                                                  ; On                 ; On                 ;
; Disable OpenCore Plus hardware evaluation                                  ; Off                ; Off                ;
; Verilog Version                                                            ; Verilog_2001       ; Verilog_2001       ;
; VHDL Version                                                               ; VHDL_1993          ; VHDL_1993          ;
; State Machine Processing                                                   ; Auto               ; Auto               ;
; Safe State Machine                                                         ; Off                ; Off                ;
; Extract Verilog State Machines                                             ; On                 ; On                 ;
; Extract VHDL State Machines                                                ; On                 ; On                 ;
; Ignore Verilog initial constructs                                          ; Off                ; Off                ;
; Iteration limit for constant Verilog loops                                 ; 5000               ; 5000               ;
; Iteration limit for non-constant Verilog loops                             ; 250                ; 250                ;
; Add Pass-Through Logic to Inferred RAMs                                    ; On                 ; On                 ;
; Infer RAMs from Raw Logic                                                  ; On                 ; On                 ;
; Parallel Synthesis                                                         ; On                 ; On                 ;
; DSP Block Balancing                                                        ; Auto               ; Auto               ;
; NOT Gate Push-Back                                                         ; On                 ; On                 ;
; Power-Up Don't Care                                                        ; On                 ; On                 ;
; Remove Redundant Logic Cells                                               ; Off                ; Off                ;
; Remove Duplicate Registers                                                 ; On                 ; On                 ;
; Ignore CARRY Buffers                                                       ; Off                ; Off                ;
; Ignore CASCADE Buffers                                                     ; Off                ; Off                ;
; Ignore GLOBAL Buffers                                                      ; Off                ; Off                ;
; Ignore ROW GLOBAL Buffers                                                  ; Off                ; Off                ;
; Ignore LCELL Buffers                                                       ; Off                ; Off                ;
; Ignore SOFT Buffers                                                        ; On                 ; On                 ;
; Limit AHDL Integers to 32 Bits                                             ; Off                ; Off                ;
; Optimization Technique                                                     ; Balanced           ; Balanced           ;
; Carry Chain Length                                                         ; 70                 ; 70                 ;
; Auto Carry Chains                                                          ; On                 ; On                 ;
; Auto Open-Drain Pins                                                       ; On                 ; On                 ;
; Perform WYSIWYG Primitive Resynthesis                                      ; Off                ; Off                ;
; Auto ROM Replacement                                                       ; On                 ; On                 ;
; Auto RAM Replacement                                                       ; On                 ; On                 ;
; Auto DSP Block Replacement                                                 ; On                 ; On                 ;
; Auto Shift Register Replacement                                            ; Auto               ; Auto               ;
; Allow Shift Register Merging across Hierarchies                            ; Auto               ; Auto               ;
; Auto Clock Enable Replacement                                              ; On                 ; On                 ;
; Strict RAM Replacement                                                     ; Off                ; Off                ;
; Allow Synchronous Control Signals                                          ; On                 ; On                 ;
; Force Use of Synchronous Clear Signals                                     ; Off                ; Off                ;
; Auto RAM Block Balancing                                                   ; On                 ; On                 ;
; Auto RAM to Logic Cell Conversion                                          ; Off                ; Off                ;
; Auto Resource Sharing                                                      ; Off                ; Off                ;
; Allow Any RAM Size For Recognition                                         ; Off                ; Off                ;
; Allow Any ROM Size For Recognition                                         ; Off                ; Off                ;
; Allow Any Shift Register Size For Recognition                              ; Off                ; Off                ;
; Use LogicLock Constraints during Resource Balancing                        ; On                 ; On                 ;
; Ignore translate_off and synthesis_off directives                          ; Off                ; Off                ;
; Timing-Driven Synthesis                                                    ; On                 ; On                 ;
; Report Parameter Settings                                                  ; On                 ; On                 ;
; Report Source Assignments                                                  ; On                 ; On                 ;
; Report Connectivity Checks                                                 ; On                 ; On                 ;
; Ignore Maximum Fan-Out Assignments                                         ; Off                ; Off                ;
; Synchronization Register Chain Length                                      ; 2                  ; 2                  ;
; PowerPlay Power Optimization                                               ; Normal compilation ; Normal compilation ;
; HDL message level                                                          ; Level2             ; Level2             ;
; Suppress Register Optimization Related Messages                            ; Off                ; Off                ;
; Number of Removed Registers Reported in Synthesis Report                   ; 5000               ; 5000               ;
; Number of Swept Nodes Reported in Synthesis Report                         ; 5000               ; 5000               ;
; Number of Inverted Registers Reported in Synthesis Report                  ; 100                ; 100                ;
; Clock MUX Protection                                                       ; On                 ; On                 ;
; Auto Gated Clock Conversion                                                ; Off                ; Off                ;
; Block Design Naming                                                        ; Auto               ; Auto               ;
; SDC constraint protection                                                  ; Off                ; Off                ;
; Synthesis Effort                                                           ; Auto               ; Auto               ;
; Shift Register Replacement - Allow Asynchronous Clear Signal               ; On                 ; On                 ;
; Pre-Mapping Resynthesis Optimization                                       ; Off                ; Off                ;
; Analysis & Synthesis Message Level                                         ; Medium             ; Medium             ;
; Disable Register Merging Across Hierarchies                                ; Auto               ; Auto               ;
; Resource Aware Inference For Block RAM                                     ; On                 ; On                 ;
; Synthesis Seed                                                             ; 1                  ; 1                  ;
+----------------------------------------------------------------------------+--------------------+--------------------+


+--------------------------------------------------------------------------------------------------------------------------------------------------------------------------------------------------------------+
; Port Connectivity Checks: "mips:mips|datapath:dp|mux2:srcbmux"                                                                                                                                               ;
+------+-------+----------+------------------------------------------------------------------------------------------------------------------------------------------------------------------------------------+
; Port ; Type  ; Severity ; Details                                                                                                                                                                            ;
+------+-------+----------+------------------------------------------------------------------------------------------------------------------------------------------------------------------------------------+
; s    ; Input ; Warning  ; Input port expression (32 bits) is wider than the input port (1 bits) it drives.  The 31 most-significant bit(s) in the expression will be dangling if they have no other fanouts. ;
; d1   ; Input ; Warning  ; Input port expression (1 bits) is smaller than the input port (32 bits) it drives.  Extra input bit(s) "d1[31..1]" will be connected to GND.                                       ;
+------+-------+----------+------------------------------------------------------------------------------------------------------------------------------------------------------------------------------------+


+--------------------------------------------------------------------------------------------------------------------------------------------------------------------------------------------------------------+
; Port Connectivity Checks: "mips:mips|datapath:dp|mux2:resmux"                                                                                                                                                ;
+------+-------+----------+------------------------------------------------------------------------------------------------------------------------------------------------------------------------------------+
; Port ; Type  ; Severity ; Details                                                                                                                                                                            ;
+------+-------+----------+------------------------------------------------------------------------------------------------------------------------------------------------------------------------------------+
; s    ; Input ; Warning  ; Input port expression (32 bits) is wider than the input port (1 bits) it drives.  The 31 most-significant bit(s) in the expression will be dangling if they have no other fanouts. ;
; d1   ; Input ; Warning  ; Input port expression (1 bits) is smaller than the input port (32 bits) it drives.  Extra input bit(s) "d1[31..1]" will be connected to GND.                                       ;
+------+-------+----------+------------------------------------------------------------------------------------------------------------------------------------------------------------------------------------+


+------------------------------------------------------------------------------------------------------------------------------------------------------------------------------------------------------------+
; Port Connectivity Checks: "mips:mips|datapath:dp|mux2:wrmux"                                                                                                                                               ;
+------+-------+----------+----------------------------------------------------------------------------------------------------------------------------------------------------------------------------------+
; Port ; Type  ; Severity ; Details                                                                                                                                                                          ;
+------+-------+----------+----------------------------------------------------------------------------------------------------------------------------------------------------------------------------------+
; s    ; Input ; Warning  ; Input port expression (5 bits) is wider than the input port (1 bits) it drives.  The 4 most-significant bit(s) in the expression will be dangling if they have no other fanouts. ;
; d1   ; Input ; Warning  ; Input port expression (1 bits) is smaller than the input port (5 bits) it drives.  Extra input bit(s) "d1[4..1]" will be connected to GND.                                       ;
+------+-------+----------+----------------------------------------------------------------------------------------------------------------------------------------------------------------------------------+


+------------------------------------------------------------------------------------------------------------------------------------------------------------------------------------------------------------------+
; Port Connectivity Checks: "mips:mips|datapath:dp|mux2:pcmux"                                                                                                                                                     ;
+----------+-------+----------+------------------------------------------------------------------------------------------------------------------------------------------------------------------------------------+
; Port     ; Type  ; Severity ; Details                                                                                                                                                                            ;
+----------+-------+----------+------------------------------------------------------------------------------------------------------------------------------------------------------------------------------------+
; s        ; Input ; Warning  ; Input port expression (32 bits) is wider than the input port (1 bits) it drives.  The 31 most-significant bit(s) in the expression will be dangling if they have no other fanouts. ;
; d0[1..0] ; Input ; Info     ; Stuck at GND                                                                                                                                                                       ;
; d1       ; Input ; Warning  ; Input port expression (1 bits) is smaller than the input port (32 bits) it drives.  Extra input bit(s) "d1[31..1]" will be connected to GND.                                       ;
+----------+-------+----------+------------------------------------------------------------------------------------------------------------------------------------------------------------------------------------+


+-------------------------------------------------------------------------------------------------------------------------------------------------------------------------------------------------------------------+
; Port Connectivity Checks: "mips:mips|datapath:dp|mux2:pcbrmux"                                                                                                                                                    ;
+----------+--------+----------+------------------------------------------------------------------------------------------------------------------------------------------------------------------------------------+
; Port     ; Type   ; Severity ; Details                                                                                                                                                                            ;
+----------+--------+----------+------------------------------------------------------------------------------------------------------------------------------------------------------------------------------------+
; s        ; Input  ; Warning  ; Input port expression (32 bits) is wider than the input port (1 bits) it drives.  The 31 most-significant bit(s) in the expression will be dangling if they have no other fanouts. ;
; d1       ; Input  ; Warning  ; Input port expression (1 bits) is smaller than the input port (32 bits) it drives.  Extra input bit(s) "d1[31..1]" will be connected to GND.                                       ;
; y[31..1] ; Output ; Info     ; Connected to dangling logic. Logic that only feeds a dangling port will be removed.                                                                                                ;
+----------+--------+----------+------------------------------------------------------------------------------------------------------------------------------------------------------------------------------------+


+-------------------------------------------------------------------+
; Port Connectivity Checks: "mips:mips|datapath:dp|addernew:pcadd1" ;
+----------+-------+----------+-------------------------------------+
; Port     ; Type  ; Severity ; Details                             ;
+----------+-------+----------+-------------------------------------+
; b[31..3] ; Input ; Info     ; Stuck at GND                        ;
; b[1..0]  ; Input ; Info     ; Stuck at GND                        ;
; b[2]     ; Input ; Info     ; Stuck at VCC                        ;
+----------+-------+----------+-------------------------------------+


+---------------------------------------------------------------------------------------------------------------------+
; Port Connectivity Checks: "mips:mips"                                                                               ;
+-----------+--------+----------+-------------------------------------------------------------------------------------+
; Port      ; Type   ; Severity ; Details                                                                             ;
+-----------+--------+----------+-------------------------------------------------------------------------------------+
; pc[31..8] ; Output ; Info     ; Connected to dangling logic. Logic that only feeds a dangling port will be removed. ;
; pc[1..0]  ; Output ; Info     ; Connected to dangling logic. Logic that only feeds a dangling port will be removed. ;
+-----------+--------+----------+-------------------------------------------------------------------------------------+


+---------------------------------+
; Analysis & Elaboration Messages ;
+---------------------------------+
Info: *******************************************************************
Info: Running Quartus II 64-Bit Analysis & Elaboration
    Info: Version 13.1.0 Build 162 10/23/2013 SJ Full Version
    Info: Processing started: Fri Aug 27 18:53:53 2021
Info: Command: quartus_map --read_settings_files=on --write_settings_files=off MyProject -c MyProject --analysis_and_elaboration
Info (11104): Parallel Compilation has detected 8 hyper-threaded processors. However, the extra hyper-threaded processors will not be used by default. Parallel Compilation will use 4 of the 4 physical processors detected instead.
Info (12021): Found 1 design units, including 1 entities, in source file mips/addernew.sv
    Info (12023): Found entity 1: addernew
Info (12021): Found 1 design units, including 1 entities, in source file commonlyusedblocks/dividebyfsm.sv
    Info (12023): Found entity 1: dividebyFSM
Info (12021): Found 1 design units, including 1 entities, in source file commonlyusedblocks/prioritytyckt.sv
    Info (12023): Found entity 1: prioritytyckt
Info (12021): Found 1 design units, including 1 entities, in source file commonlyusedblocks/priority_casez.sv
    Info (12023): Found entity 1: priority_casez
Info (12021): Found 1 design units, including 1 entities, in source file commonlyusedblocks/patternmoore.sv
    Info (12023): Found entity 1: patternMoore
Info (12021): Found 1 design units, including 1 entities, in source file commonlyusedblocks/patternmealy.sv
    Info (12023): Found entity 1: patternMealy
Info (12021): Found 1 design units, including 1 entities, in source file commonlyusedblocks/multiplier.sv
    Info (12023): Found entity 1: multiplier
Info (12021): Found 1 design units, including 1 entities, in source file commonlyusedblocks/trafficfsm.sv
    Info (12023): Found entity 1: trafficFSM
Info (12021): Found 3 design units, including 3 entities, in source file commonlyusedblocks/chapter5.sv
    Info (12023): Found entity 1: adder
    Info (12023): Found entity 2: counter
    Info (12023): Found entity 3: shiftreg
Info (12021): Found 1 design units, including 1 entities, in source file commonlyusedblocks/ram.sv
    Info (12023): Found entity 1: ram
Info (12021): Found 1 design units, including 1 entities, in source file commonlyusedblocks/rom.sv
    Info (12023): Found entity 1: rom
Info (12021): Found 1 design units, including 1 entities, in source file mips/mips.sv
    Info (12023): Found entity 1: mips
Info (12021): Found 1 design units, including 1 entities, in source file mips/controller.sv
    Info (12023): Found entity 1: controller
Info (12021): Found 1 design units, including 1 entities, in source file mips/maindec.sv
    Info (12023): Found entity 1: maindec
Info (12021): Found 1 design units, including 1 entities, in source file mips/aludec.sv
    Info (12023): Found entity 1: aludec
Info (12021): Found 1 design units, including 1 entities, in source file mips/datapath.sv
    Info (12023): Found entity 1: datapath
Info (12021): Found 1 design units, including 1 entities, in source file mips/flopr.sv
    Info (12023): Found entity 1: flopr
Info (12021): Found 1 design units, including 1 entities, in source file mips/mux2.sv
    Info (12023): Found entity 1: mux2
Info (12021): Found 1 design units, including 1 entities, in source file mips/regfile.sv
    Info (12023): Found entity 1: regfile
Info (12021): Found 1 design units, including 1 entities, in source file mips/sl2.sv
    Info (12023): Found entity 1: sl2
Info (12021): Found 1 design units, including 1 entities, in source file mips/signext.sv
    Info (12023): Found entity 1: signext
Info (12021): Found 1 design units, including 1 entities, in source file mips/alu.sv
    Info (12023): Found entity 1: alu
Info (12021): Found 1 design units, including 1 entities, in source file mips/dmem.sv
    Info (12023): Found entity 1: dmem
Info (12021): Found 1 design units, including 1 entities, in source file mips/imem.sv
    Info (12023): Found entity 1: imem
Info (12021): Found 1 design units, including 1 entities, in source file mips/top.sv
    Info (12023): Found entity 1: top
Warning (10236): Verilog HDL Implicit Net warning at maindec.sv(10): created implicit net for "branch"
Warning (10236): Verilog HDL Implicit Net warning at dmem.sv(7): created implicit net for "rd"
Info (12127): Elaborating entity "top" for the top level hierarchy
Info (12128): Elaborating entity "mips" for hierarchy "mips:mips"
Info (12128): Elaborating entity "controller" for hierarchy "mips:mips|controller:c"
Info (12128): Elaborating entity "maindec" for hierarchy "mips:mips|controller:c|maindec:md"
Warning (10036): Verilog HDL or VHDL warning at maindec.sv(10): object "branch" assigned a value but never read
Warning (10034): Output port "pcsrc" at maindec.sv(3) has no driver
Info (12128): Elaborating entity "aludec" for hierarchy "mips:mips|controller:c|aludec:ad"
Info (12128): Elaborating entity "datapath" for hierarchy "mips:mips|datapath:dp"
Info (12128): Elaborating entity "flopr" for hierarchy "mips:mips|datapath:dp|flopr:pcreg"
Info (12128): Elaborating entity "addernew" for hierarchy "mips:mips|datapath:dp|addernew:pcadd1"
Info (12128): Elaborating entity "sl2" for hierarchy "mips:mips|datapath:dp|sl2:immsh"
Info (12128): Elaborating entity "mux2" for hierarchy "mips:mips|datapath:dp|mux2:pcbrmux"
Info (12128): Elaborating entity "regfile" for hierarchy "mips:mips|datapath:dp|regfile:rf"
Info (12128): Elaborating entity "mux2" for hierarchy "mips:mips|datapath:dp|mux2:wrmux"
Info (12128): Elaborating entity "signext" for hierarchy "mips:mips|datapath:dp|signext:se"
Info (12128): Elaborating entity "alu" for hierarchy "mips:mips|datapath:dp|alu:alu"
Warning (10230): Verilog HDL assignment warning at alu.sv(17): truncated value with size 32 to match size of target (1)
Info (12128): Elaborating entity "imem" for hierarchy "imem:imem"
Warning (10858): Verilog HDL warning at imem.sv(4): object RAM used but never assigned
Info (12128): Elaborating entity "dmem" for hierarchy "dmem:dmem"
Warning (10036): Verilog HDL or VHDL warning at dmem.sv(7): object "rd" assigned a value but never read
Warning (10230): Verilog HDL assignment warning at dmem.sv(7): truncated value with size 32 to match size of target (1)
Warning (10034): Output port "ed" at dmem.sv(3) has no driver
Warning (12241): 5 hierarchies have connectivity warnings - see the Connectivity Checks report folder
Info: Quartus II 64-Bit Analysis & Elaboration was successful. 0 errors, 10 warnings
    Info: Peak virtual memory: 4599 megabytes
    Info: Processing ended: Fri Aug 27 18:53:54 2021
    Info: Elapsed time: 00:00:01
    Info: Total CPU time (on all processors): 00:00:01


